{"D:\\курсы\\ReactRS\\react-task-class-components\\src\\App.tsx": {"path":"D:\\курсы\\ReactRS\\react-task-class-components\\src\\App.tsx","statementMap":{"0":{"start":{"line":7,"column":4},"end":{"line":10,"column":null}}},"fnMap":{"0":{"name":"(anonymous_0)","decl":{"start":{"line":6,"column":2},"end":{"line":6,"column":22}},"loc":{"start":{"line":6,"column":22},"end":{"line":12,"column":null}},"line":6}},"branchMap":{},"s":{"0":0},"f":{"0":0},"b":{},"meta":{"lastBranch":0,"lastFunction":1,"lastStatement":1,"seen":{"f:6:2:6:22":0,"s:7:4:10:Infinity":0}}}
,"D:\\курсы\\ReactRS\\react-task-class-components\\src\\jest.setup.ts": {"path":"D:\\курсы\\ReactRS\\react-task-class-components\\src\\jest.setup.ts","statementMap":{},"fnMap":{},"branchMap":{},"s":{},"f":{},"b":{},"meta":{"lastBranch":0,"lastFunction":0,"lastStatement":0,"seen":{}}}
,"D:\\курсы\\ReactRS\\react-task-class-components\\src\\main.tsx": {"path":"D:\\курсы\\ReactRS\\react-task-class-components\\src\\main.tsx","statementMap":{"0":{"start":{"line":6,"column":20},"end":{"line":6,"column":null}},"1":{"start":{"line":8,"column":0},"end":{"line":10,"column":null}},"2":{"start":{"line":9,"column":2},"end":{"line":9,"column":null}},"3":{"start":{"line":12,"column":0},"end":{"line":16,"column":null}}},"fnMap":{},"branchMap":{"0":{"loc":{"start":{"line":8,"column":0},"end":{"line":10,"column":null}},"type":"if","locations":[{"start":{"line":8,"column":0},"end":{"line":10,"column":null}},{"start":{},"end":{}}],"line":8}},"s":{"0":0,"1":0,"2":0,"3":0},"f":{},"b":{"0":[0,0]},"meta":{"lastBranch":1,"lastFunction":0,"lastStatement":4,"seen":{"s:6:20:6:Infinity":0,"b:8:0:10:Infinity:undefined:undefined:undefined:undefined":0,"s:8:0:10:Infinity":1,"s:9:2:9:Infinity":2,"s:12:0:16:Infinity":3}}}
,"D:\\курсы\\ReactRS\\react-task-class-components\\src\\__tests__\\test-utils.tsx": {"path":"D:\\курсы\\ReactRS\\react-task-class-components\\src\\__tests__\\test-utils.tsx","statementMap":{"0":{"start":{"line":6,"column":2},"end":{"line":6,"column":null}}},"fnMap":{"0":{"name":"renderWithRouter","decl":{"start":{"line":5,"column":16},"end":{"line":5,"column":33}},"loc":{"start":{"line":5,"column":51},"end":{"line":7,"column":null}},"line":5}},"branchMap":{},"s":{"0":0},"f":{"0":0},"b":{},"meta":{"lastBranch":0,"lastFunction":1,"lastStatement":1,"seen":{"f:5:16:5:33":0,"s:6:2:6:Infinity":0}}}
,"D:\\курсы\\ReactRS\\react-task-class-components\\src\\components\\ErrorBoundary.tsx": {"path":"D:\\курсы\\ReactRS\\react-task-class-components\\src\\components\\ErrorBoundary.tsx","statementMap":{"0":{"start":{"line":13,"column":4},"end":{"line":13,"column":null}},"1":{"start":{"line":25,"column":2},"end":{"line":28,"column":null}},"2":{"start":{"line":26,"column":4},"end":{"line":26,"column":null}},"3":{"start":{"line":27,"column":4},"end":{"line":27,"column":null}},"4":{"start":{"line":14,"column":4},"end":{"line":14,"column":null}},"5":{"start":{"line":18,"column":4},"end":{"line":18,"column":null}},"6":{"start":{"line":22,"column":4},"end":{"line":22,"column":null}},"7":{"start":{"line":31,"column":4},"end":{"line":52,"column":null}},"8":{"start":{"line":32,"column":6},"end":{"line":50,"column":null}},"9":{"start":{"line":54,"column":4},"end":{"line":54,"column":null}}},"fnMap":{"0":{"name":"(anonymous_0)","decl":{"start":{"line":12,"column":2},"end":{"line":12,"column":14}},"loc":{"start":{"line":12,"column":41},"end":{"line":15,"column":null}},"line":12},"1":{"name":"(anonymous_1)","decl":{"start":{"line":25,"column":16},"end":{"line":25,"column":22}},"loc":{"start":{"line":25,"column":22},"end":{"line":28,"column":null}},"line":25},"2":{"name":"(anonymous_2)","decl":{"start":{"line":17,"column":9},"end":{"line":17,"column":56}},"loc":{"start":{"line":17,"column":56},"end":{"line":19,"column":null}},"line":17},"3":{"name":"(anonymous_3)","decl":{"start":{"line":21,"column":2},"end":{"line":21,"column":20}},"loc":{"start":{"line":21,"column":57},"end":{"line":23,"column":null}},"line":21},"4":{"name":"(anonymous_4)","decl":{"start":{"line":30,"column":2},"end":{"line":30,"column":11}},"loc":{"start":{"line":30,"column":11},"end":{"line":55,"column":null}},"line":30}},"branchMap":{"0":{"loc":{"start":{"line":31,"column":4},"end":{"line":52,"column":null}},"type":"if","locations":[{"start":{"line":31,"column":4},"end":{"line":52,"column":null}},{"start":{},"end":{}}],"line":31}},"s":{"0":0,"1":0,"2":0,"3":0,"4":0,"5":0,"6":0,"7":0,"8":0,"9":0},"f":{"0":0,"1":0,"2":0,"3":0,"4":0},"b":{"0":[0,0]},"meta":{"lastBranch":1,"lastFunction":5,"lastStatement":10,"seen":{"f:12:2:12:14":0,"s:13:4:13:Infinity":0,"s:25:2:28:Infinity":1,"f:25:16:25:22":1,"s:26:4:26:Infinity":2,"s:27:4:27:Infinity":3,"s:14:4:14:Infinity":4,"f:17:9:17:56":2,"s:18:4:18:Infinity":5,"f:21:2:21:20":3,"s:22:4:22:Infinity":6,"f:30:2:30:11":4,"b:31:4:52:Infinity:undefined:undefined:undefined:undefined":0,"s:31:4:52:Infinity":7,"s:32:6:50:Infinity":8,"s:54:4:54:Infinity":9}}}
,"D:\\курсы\\ReactRS\\react-task-class-components\\src\\components\\Home.tsx": {"path":"D:\\курсы\\ReactRS\\react-task-class-components\\src\\components\\Home.tsx","statementMap":{"0":{"start":{"line":19,"column":4},"end":{"line":19,"column":null}},"1":{"start":{"line":36,"column":2},"end":{"line":98,"column":null}},"2":{"start":{"line":37,"column":28},"end":{"line":37,"column":null}},"3":{"start":{"line":38,"column":4},"end":{"line":38,"column":null}},"4":{"start":{"line":39,"column":4},"end":{"line":97,"column":null}},"5":{"start":{"line":42,"column":6},"end":{"line":90,"column":null}},"6":{"start":{"line":43,"column":8},"end":{"line":43,"column":null}},"7":{"start":{"line":44,"column":8},"end":{"line":60,"column":null}},"8":{"start":{"line":45,"column":10},"end":{"line":45,"column":null}},"9":{"start":{"line":46,"column":24},"end":{"line":46,"column":null}},"10":{"start":{"line":48,"column":10},"end":{"line":52,"column":null}},"11":{"start":{"line":49,"column":12},"end":{"line":49,"column":null}},"12":{"start":{"line":50,"column":10},"end":{"line":52,"column":null}},"13":{"start":{"line":51,"column":12},"end":{"line":51,"column":null}},"14":{"start":{"line":54,"column":10},"end":{"line":58,"column":null}},"15":{"start":{"line":59,"column":10},"end":{"line":59,"column":null}},"16":{"start":{"line":66,"column":12},"end":{"line":66,"column":null}},"17":{"start":{"line":68,"column":8},"end":{"line":77,"column":null}},"18":{"start":{"line":79,"column":8},"end":{"line":79,"column":null}},"19":{"start":{"line":82,"column":12},"end":{"line":82,"column":null}},"20":{"start":{"line":84,"column":35},"end":{"line":87,"column":null}},"21":{"start":{"line":84,"column":60},"end":{"line":87,"column":10}},"22":{"start":{"line":89,"column":8},"end":{"line":89,"column":null}},"23":{"start":{"line":92,"column":6},"end":{"line":96,"column":null}},"24":{"start":{"line":93,"column":8},"end":{"line":93,"column":null}},"25":{"start":{"line":95,"column":8},"end":{"line":95,"column":null}},"26":{"start":{"line":100,"column":2},"end":{"line":106,"column":null}},"27":{"start":{"line":101,"column":28},"end":{"line":101,"column":null}},"28":{"start":{"line":102,"column":4},"end":{"line":102,"column":null}},"29":{"start":{"line":103,"column":4},"end":{"line":105,"column":null}},"30":{"start":{"line":104,"column":6},"end":{"line":104,"column":null}},"31":{"start":{"line":20,"column":4},"end":{"line":26,"column":null}},"32":{"start":{"line":30,"column":23},"end":{"line":30,"column":null}},"33":{"start":{"line":31,"column":4},"end":{"line":33,"column":null}},"34":{"start":{"line":32,"column":6},"end":{"line":32,"column":null}},"35":{"start":{"line":109,"column":59},"end":{"line":109,"column":null}},"36":{"start":{"line":111,"column":4},"end":{"line":113,"column":null}},"37":{"start":{"line":112,"column":6},"end":{"line":112,"column":null}},"38":{"start":{"line":115,"column":4},"end":{"line":133,"column":null}},"39":{"start":{"line":124,"column":14},"end":{"line":124,"column":null}}},"fnMap":{"0":{"name":"(anonymous_0)","decl":{"start":{"line":18,"column":2},"end":{"line":18,"column":14}},"loc":{"start":{"line":18,"column":44},"end":{"line":27,"column":null}},"line":18},"1":{"name":"(anonymous_1)","decl":{"start":{"line":36,"column":14},"end":{"line":36,"column":21}},"loc":{"start":{"line":36,"column":39},"end":{"line":98,"column":null}},"line":36},"2":{"name":"(anonymous_2)","decl":{"start":{"line":84,"column":52},"end":{"line":84,"column":53}},"loc":{"start":{"line":84,"column":60},"end":{"line":87,"column":10}},"line":84},"3":{"name":"(anonymous_3)","decl":{"start":{"line":100,"column":17},"end":{"line":100,"column":18}},"loc":{"start":{"line":100,"column":39},"end":{"line":106,"column":null}},"line":100},"4":{"name":"(anonymous_4)","decl":{"start":{"line":103,"column":39},"end":{"line":103,"column":45}},"loc":{"start":{"line":103,"column":45},"end":{"line":105,"column":5}},"line":103},"5":{"name":"(anonymous_5)","decl":{"start":{"line":29,"column":2},"end":{"line":29,"column":22}},"loc":{"start":{"line":29,"column":22},"end":{"line":34,"column":null}},"line":29},"6":{"name":"(anonymous_6)","decl":{"start":{"line":31,"column":41},"end":{"line":31,"column":47}},"loc":{"start":{"line":31,"column":47},"end":{"line":33,"column":5}},"line":31},"7":{"name":"(anonymous_7)","decl":{"start":{"line":108,"column":2},"end":{"line":108,"column":11}},"loc":{"start":{"line":108,"column":11},"end":{"line":135,"column":null}},"line":108},"8":{"name":"(anonymous_8)","decl":{"start":{"line":123,"column":21},"end":{"line":123,"column":27}},"loc":{"start":{"line":123,"column":27},"end":{"line":125,"column":null}},"line":123}},"branchMap":{"0":{"loc":{"start":{"line":42,"column":6},"end":{"line":90,"column":null}},"type":"if","locations":[{"start":{"line":42,"column":6},"end":{"line":90,"column":null}},{"start":{"line":78,"column":13},"end":{"line":90,"column":null}}],"line":42},"1":{"loc":{"start":{"line":44,"column":8},"end":{"line":60,"column":null}},"type":"if","locations":[{"start":{"line":44,"column":8},"end":{"line":60,"column":null}},{"start":{},"end":{}}],"line":44},"2":{"loc":{"start":{"line":48,"column":10},"end":{"line":52,"column":null}},"type":"if","locations":[{"start":{"line":48,"column":10},"end":{"line":52,"column":null}},{"start":{"line":50,"column":10},"end":{"line":52,"column":null}}],"line":48},"3":{"loc":{"start":{"line":48,"column":14},"end":{"line":48,"column":63}},"type":"binary-expr","locations":[{"start":{"line":48,"column":14},"end":{"line":48,"column":40}},{"start":{"line":48,"column":40},"end":{"line":48,"column":63}}],"line":48},"4":{"loc":{"start":{"line":50,"column":10},"end":{"line":52,"column":null}},"type":"if","locations":[{"start":{"line":50,"column":10},"end":{"line":52,"column":null}},{"start":{},"end":{}}],"line":50},"5":{"loc":{"start":{"line":92,"column":6},"end":{"line":96,"column":null}},"type":"if","locations":[{"start":{"line":92,"column":6},"end":{"line":96,"column":null}},{"start":{"line":94,"column":13},"end":{"line":96,"column":null}}],"line":92},"6":{"loc":{"start":{"line":30,"column":23},"end":{"line":30,"column":null}},"type":"binary-expr","locations":[{"start":{"line":30,"column":23},"end":{"line":30,"column":69}},{"start":{"line":30,"column":69},"end":{"line":30,"column":null}}],"line":30},"7":{"loc":{"start":{"line":111,"column":4},"end":{"line":113,"column":null}},"type":"if","locations":[{"start":{"line":111,"column":4},"end":{"line":113,"column":null}},{"start":{},"end":{}}],"line":111}},"s":{"0":0,"1":0,"2":0,"3":0,"4":0,"5":0,"6":0,"7":0,"8":0,"9":0,"10":0,"11":0,"12":0,"13":0,"14":0,"15":0,"16":0,"17":0,"18":0,"19":0,"20":0,"21":0,"22":0,"23":0,"24":0,"25":0,"26":0,"27":0,"28":0,"29":0,"30":0,"31":0,"32":0,"33":0,"34":0,"35":0,"36":0,"37":0,"38":0,"39":0},"f":{"0":0,"1":0,"2":0,"3":0,"4":0,"5":0,"6":0,"7":0,"8":0},"b":{"0":[0,0],"1":[0,0],"2":[0,0],"3":[0,0],"4":[0,0],"5":[0,0],"6":[0,0],"7":[0,0]},"meta":{"lastBranch":8,"lastFunction":9,"lastStatement":40,"seen":{"f:18:2:18:14":0,"s:19:4:19:Infinity":0,"s:36:2:98:Infinity":1,"f:36:14:36:21":1,"s:37:28:37:Infinity":2,"s:38:4:38:Infinity":3,"s:39:4:97:Infinity":4,"b:42:6:90:Infinity:78:13:90:Infinity":0,"s:42:6:90:Infinity":5,"s:43:8:43:Infinity":6,"b:44:8:60:Infinity:undefined:undefined:undefined:undefined":1,"s:44:8:60:Infinity":7,"s:45:10:45:Infinity":8,"s:46:24:46:Infinity":9,"b:48:10:52:Infinity:50:10:52:Infinity":2,"s:48:10:52:Infinity":10,"b:48:14:48:40:48:40:48:63":3,"s:49:12:49:Infinity":11,"b:50:10:52:Infinity:undefined:undefined:undefined:undefined":4,"s:50:10:52:Infinity":12,"s:51:12:51:Infinity":13,"s:54:10:58:Infinity":14,"s:59:10:59:Infinity":15,"s:66:12:66:Infinity":16,"s:68:8:77:Infinity":17,"s:79:8:79:Infinity":18,"s:82:12:82:Infinity":19,"s:84:35:87:Infinity":20,"f:84:52:84:53":2,"s:84:60:87:10":21,"s:89:8:89:Infinity":22,"b:92:6:96:Infinity:94:13:96:Infinity":5,"s:92:6:96:Infinity":23,"s:93:8:93:Infinity":24,"s:95:8:95:Infinity":25,"s:100:2:106:Infinity":26,"f:100:17:100:18":3,"s:101:28:101:Infinity":27,"s:102:4:102:Infinity":28,"s:103:4:105:Infinity":29,"f:103:39:103:45":4,"s:104:6:104:Infinity":30,"s:20:4:26:Infinity":31,"f:29:2:29:22":5,"s:30:23:30:Infinity":32,"b:30:23:30:69:30:69:30:Infinity":6,"s:31:4:33:Infinity":33,"f:31:41:31:47":6,"s:32:6:32:Infinity":34,"f:108:2:108:11":7,"s:109:59:109:Infinity":35,"b:111:4:113:Infinity:undefined:undefined:undefined:undefined":7,"s:111:4:113:Infinity":36,"s:112:6:112:Infinity":37,"s:115:4:133:Infinity":38,"f:123:21:123:27":8,"s:124:14:124:Infinity":39}}}
,"D:\\курсы\\ReactRS\\react-task-class-components\\src\\components\\Spinner.tsx": {"path":"D:\\курсы\\ReactRS\\react-task-class-components\\src\\components\\Spinner.tsx","statementMap":{"0":{"start":{"line":5,"column":4},"end":{"line":24,"column":null}}},"fnMap":{"0":{"name":"(anonymous_0)","decl":{"start":{"line":4,"column":2},"end":{"line":4,"column":22}},"loc":{"start":{"line":4,"column":22},"end":{"line":26,"column":null}},"line":4}},"branchMap":{},"s":{"0":1},"f":{"0":1},"b":{},"meta":{"lastBranch":0,"lastFunction":1,"lastStatement":1,"seen":{"f:4:2:4:22":0,"s:5:4:24:Infinity":0}}}
,"D:\\курсы\\ReactRS\\react-task-class-components\\src\\components\\Results\\Results.tsx": {"path":"D:\\курсы\\ReactRS\\react-task-class-components\\src\\components\\Results\\Results.tsx","statementMap":{"0":{"start":{"line":17,"column":40},"end":{"line":17,"column":null}},"1":{"start":{"line":19,"column":4},"end":{"line":23,"column":null}},"2":{"start":{"line":20,"column":6},"end":{"line":23,"column":null}},"3":{"start":{"line":25,"column":4},"end":{"line":31,"column":null}},"4":{"start":{"line":26,"column":6},"end":{"line":29,"column":null}},"5":{"start":{"line":32,"column":4},"end":{"line":32,"column":null}},"6":{"start":{"line":32,"column":25},"end":{"line":32,"column":null}},"7":{"start":{"line":34,"column":4},"end":{"line":46,"column":null}},"8":{"start":{"line":37,"column":10},"end":{"line":44,"column":null}}},"fnMap":{"0":{"name":"(anonymous_0)","decl":{"start":{"line":16,"column":2},"end":{"line":16,"column":11}},"loc":{"start":{"line":16,"column":11},"end":{"line":48,"column":null}},"line":16},"1":{"name":"(anonymous_1)","decl":{"start":{"line":36,"column":21},"end":{"line":36,"column":22}},"loc":{"start":{"line":37,"column":10},"end":{"line":44,"column":null}},"line":37}},"branchMap":{"0":{"loc":{"start":{"line":19,"column":4},"end":{"line":23,"column":null}},"type":"if","locations":[{"start":{"line":19,"column":4},"end":{"line":23,"column":null}},{"start":{},"end":{}}],"line":19},"1":{"loc":{"start":{"line":25,"column":4},"end":{"line":31,"column":null}},"type":"if","locations":[{"start":{"line":25,"column":4},"end":{"line":31,"column":null}},{"start":{},"end":{}}],"line":25},"2":{"loc":{"start":{"line":32,"column":4},"end":{"line":32,"column":null}},"type":"if","locations":[{"start":{"line":32,"column":4},"end":{"line":32,"column":null}},{"start":{},"end":{}}],"line":32}},"s":{"0":8,"1":8,"2":1,"3":7,"4":5,"5":2,"6":2,"7":2,"8":4},"f":{"0":8,"1":4},"b":{"0":[1,7],"1":[5,2],"2":[0,2]},"meta":{"lastBranch":3,"lastFunction":2,"lastStatement":9,"seen":{"f:16:2:16:11":0,"s:17:40:17:Infinity":0,"b:19:4:23:Infinity:undefined:undefined:undefined:undefined":0,"s:19:4:23:Infinity":1,"s:20:6:23:Infinity":2,"b:25:4:31:Infinity:undefined:undefined:undefined:undefined":1,"s:25:4:31:Infinity":3,"s:26:6:29:Infinity":4,"b:32:4:32:Infinity:undefined:undefined:undefined:undefined":2,"s:32:4:32:Infinity":5,"s:32:25:32:Infinity":6,"s:34:4:46:Infinity":7,"f:36:21:36:22":1,"s:37:10:44:Infinity":8}}}
,"D:\\курсы\\ReactRS\\react-task-class-components\\src\\components\\Search\\SearchBar.tsx": {"path":"D:\\курсы\\ReactRS\\react-task-class-components\\src\\components\\Search\\SearchBar.tsx","statementMap":{"0":{"start":{"line":14,"column":4},"end":{"line":14,"column":null}},"1":{"start":{"line":26,"column":2},"end":{"line":28,"column":null}},"2":{"start":{"line":27,"column":4},"end":{"line":27,"column":null}},"3":{"start":{"line":30,"column":2},"end":{"line":33,"column":null}},"4":{"start":{"line":31,"column":4},"end":{"line":31,"column":null}},"5":{"start":{"line":32,"column":4},"end":{"line":32,"column":null}},"6":{"start":{"line":35,"column":2},"end":{"line":39,"column":null}},"7":{"start":{"line":36,"column":4},"end":{"line":38,"column":null}},"8":{"start":{"line":37,"column":6},"end":{"line":37,"column":null}},"9":{"start":{"line":15,"column":4},"end":{"line":17,"column":null}},"10":{"start":{"line":21,"column":4},"end":{"line":23,"column":null}},"11":{"start":{"line":22,"column":6},"end":{"line":22,"column":null}},"12":{"start":{"line":42,"column":4},"end":{"line":62,"column":null}}},"fnMap":{"0":{"name":"(anonymous_0)","decl":{"start":{"line":13,"column":2},"end":{"line":13,"column":14}},"loc":{"start":{"line":13,"column":37},"end":{"line":18,"column":null}},"line":13},"1":{"name":"(anonymous_1)","decl":{"start":{"line":26,"column":17},"end":{"line":26,"column":18}},"loc":{"start":{"line":26,"column":61},"end":{"line":28,"column":null}},"line":26},"2":{"name":"(anonymous_2)","decl":{"start":{"line":30,"column":16},"end":{"line":30,"column":22}},"loc":{"start":{"line":30,"column":22},"end":{"line":33,"column":null}},"line":30},"3":{"name":"(anonymous_3)","decl":{"start":{"line":35,"column":19},"end":{"line":35,"column":20}},"loc":{"start":{"line":35,"column":65},"end":{"line":39,"column":null}},"line":35},"4":{"name":"(anonymous_4)","decl":{"start":{"line":20,"column":2},"end":{"line":20,"column":21}},"loc":{"start":{"line":20,"column":48},"end":{"line":24,"column":null}},"line":20},"5":{"name":"(anonymous_5)","decl":{"start":{"line":41,"column":2},"end":{"line":41,"column":11}},"loc":{"start":{"line":41,"column":11},"end":{"line":64,"column":null}},"line":41}},"branchMap":{"0":{"loc":{"start":{"line":36,"column":4},"end":{"line":38,"column":null}},"type":"if","locations":[{"start":{"line":36,"column":4},"end":{"line":38,"column":null}},{"start":{},"end":{}}],"line":36},"1":{"loc":{"start":{"line":16,"column":13},"end":{"line":16,"column":null}},"type":"binary-expr","locations":[{"start":{"line":16,"column":13},"end":{"line":16,"column":28}},{"start":{"line":16,"column":28},"end":{"line":16,"column":null}}],"line":16},"2":{"loc":{"start":{"line":21,"column":4},"end":{"line":23,"column":null}},"type":"if","locations":[{"start":{"line":21,"column":4},"end":{"line":23,"column":null}},{"start":{},"end":{}}],"line":21}},"s":{"0":7,"1":7,"2":21,"3":7,"4":2,"5":2,"6":7,"7":22,"8":1,"9":7,"10":25,"11":1,"12":32},"f":{"0":7,"1":21,"2":2,"3":22,"4":25,"5":32},"b":{"0":[1,21],"1":[7,5],"2":[1,24]},"meta":{"lastBranch":3,"lastFunction":6,"lastStatement":13,"seen":{"f:13:2:13:14":0,"s:14:4:14:Infinity":0,"s:26:2:28:Infinity":1,"f:26:17:26:18":1,"s:27:4:27:Infinity":2,"s:30:2:33:Infinity":3,"f:30:16:30:22":2,"s:31:4:31:Infinity":4,"s:32:4:32:Infinity":5,"s:35:2:39:Infinity":6,"f:35:19:35:20":3,"b:36:4:38:Infinity:undefined:undefined:undefined:undefined":0,"s:36:4:38:Infinity":7,"s:37:6:37:Infinity":8,"s:15:4:17:Infinity":9,"b:16:13:16:28:16:28:16:Infinity":1,"f:20:2:20:21":4,"b:21:4:23:Infinity:undefined:undefined:undefined:undefined":2,"s:21:4:23:Infinity":10,"s:22:6:22:Infinity":11,"f:41:2:41:11":5,"s:42:4:62:Infinity":12}}}
}
